#
# There is insufficient memory for the Java Runtime Environment to continue.
# Native memory allocation (mmap) failed to map 134217728 bytes for G1 virtual space
# Possible reasons:
#   The system is out of physical RAM or swap space
#   The process is running with CompressedOops enabled, and the Java Heap may be blocking the growth of the native heap
# Possible solutions:
#   Reduce memory load on the system
#   Increase physical memory or swap space
#   Check if swap backing store is full
#   Decrease Java heap size (-Xmx/-Xms)
#   Decrease number of Java threads
#   Decrease Java thread stack sizes (-Xss)
#   Set larger code cache with -XX:ReservedCodeCacheSize=
#   JVM is running with Unscaled Compressed Oops mode in which the Java heap is
#     placed in the first 4GB address space. The Java Heap base address is the
#     maximum limit for the native heap growth. Please use -XX:HeapBaseMinAddress
#     to set the Java Heap base and to place the Java Heap above 4GB virtual address.
# This output file may be truncated or incomplete.
#
#  Out of Memory Error (os_windows.cpp:3559), pid=12960, tid=11840
#
# JRE version:  (17.0.7+7) (build )
# Java VM: OpenJDK 64-Bit Server VM (17.0.7+7, mixed mode, sharing, tiered, compressed oops, compressed class ptrs, g1 gc, windows-amd64)
# No core dump will be written. Minidumps are not enabled by default on client versions of Windows
#

---------------  S U M M A R Y ------------

Command Line: -XX:+ShowCodeDetailsInExceptionMessages Main

Host: Intel(R) Core(TM) i7-7500U CPU @ 2.70GHz, 4 cores, 7G,  Windows 10 , 64 bit Build 19041 (10.0.19041.2364)
Time: Sun Jul 30 15:17:52 2023 RTZ 2 (s 10 , 64 bit Build 19041 (10.0.19041.2364) elapsed time: 0.020286 seconds (0d 0h 0m 0s)

---------------  T H R E A D  ---------------

Current thread (0x000001c36d8ed020):  JavaThread "Unknown thread" [_thread_in_vm, id=11840, stack(0x000000b6dc200000,0x000000b6dc300000)]

Stack: [0x000000b6dc200000,0x000000b6dc300000]
Native frames: (J=compiled Java code, j=interpreted, Vv=VM code, C=native code)
V  [jvm.dll+0x67754a]
V  [jvm.dll+0x834304]
V  [jvm.dll+0x835aae]
V  [jvm.dll+0x836113]
V  [jvm.dll+0x24696f]
V  [jvm.dll+0x6743f9]
V  [jvm.dll+0x668c8a]
V  [jvm.dll+0x3061bb]
V  [jvm.dll+0x30d6a6]
V  [jvm.dll+0x35cece]
V  [jvm.dll+0x35d0ff]
V  [jvm.dll+0x2dd048]
V  [jvm.dll+0x2ddfb4]
V  [jvm.dll+0x8066d1]
V  [jvm.dll+0x36ac91]
V  [jvm.dll+0x7e5cec]
V  [jvm.dll+0x3ed56f]
V  [jvm.dll+0x3ef0a1]
C  [jli.dll+0x528b]
C  [ucrtbase.dll+0x21bb2]
C  [KERNEL32.DLL+0x17614]
C  [ntdll.dll+0x526a1]


---------------  P R O C E S S  ---------------

Threads class SMR info:
_java_thread_list=0x00007ff991ae7018, length=0, elements={
}

Java Threads: ( => current thread )

Other Threads:
  0x000001c36d947c20 GCTaskThread "GC Thread#0" [stack: 0x000000b6dc300000,0x000000b6dc400000] [id=4932]
  0x000001c36d9588f0 ConcurrentGCThread "G1 Main Marker" [stack: 0x000000b6dc400000,0x000000b6dc500000] [id=21720]
  0x000001c36d959aa0 ConcurrentGCThread "G1 Conc#0" [stack: 0x000000b6dc500000,0x000000b6dc600000] [id=21124]

[error occurred during error reporting (printing all threads), id 0xc0000005, EXCEPTION_ACCESS_VIOLATION (0xc0000005) at pc=0x00007ff9912bdaf7]

VM state: not at safepoint (not fully initialized)

VM Mutex/Monitor currently owned by a thread:  ([mutex/lock_event])
[0x000001c36d8e9720] Heap_lock - owner thread: 0x000001c36d8ed020

Heap address: 0x0000000081400000, size: 2028 MB, Compressed Oops mode: 32-bit

CDS archive(s) mapped at: [0x0000000000000000-0x0000000000000000-0x0000000000000000), size 0, SharedBaseAddress: 0x0000000800000000, ArchiveRelocationMode: 0.
Narrow klass base: 0x0000000000000000, Narrow klass shift: 0, Narrow klass range: 0x0

GC Precious Log:
<Empty>

Heap:
 garbage-first heap   total 0K, used 0K [0x0000000081400000, 0x0000000100000000)
  region size 1024K, 0 young (0K), 0 survivors (0K)

[error occurred during error reporting (printing heap information), id 0xc0000005, EXCEPTION_ACCESS_VIOLATION (0xc0000005) at pc=0x00007ff9916a0db9]

GC Heap History (0 events):
No events

Dll operation events (1 events):
Event: 0.012 Loaded shared library D:\Program Files\Eclipse Adoptium\jdk-17.0.7.7-hotspot\bin\java.dll

Deoptimization events (0 events):
No events

Classes unloaded (0 events):
No events

Classes redefined (0 events):
No events

Internal exceptions (0 events):
No events

VM Operations (0 events):
No events

Events (0 events):
No events


Dynamic libraries:
0x00007ff77b2c0000 - 0x00007ff77b2ce000 	D:\Program Files\Eclipse Adoptium\jdk-17.0.7.7-hotspot\bin\java.exe
0x00007ff9f1a30000 - 0x00007ff9f1c28000 	C:\WINDOWS\SYSTEM32\ntdll.dll
0x00007ff9f1690000 - 0x00007ff9f174f000 	C:\WINDOWS\System32\KERNEL32.DLL
0x00007ff9ef120000 - 0x00007ff9ef3f2000 	C:\WINDOWS\System32\KERNELBASE.dll
0x00007ff9ef970000 - 0x00007ff9efa70000 	C:\WINDOWS\System32\ucrtbase.dll
0x00007ff9e8ce0000 - 0x00007ff9e8cf7000 	D:\Program Files\Eclipse Adoptium\jdk-17.0.7.7-hotspot\bin\jli.dll
0x00007ff9da6e0000 - 0x00007ff9da6f9000 	D:\Program Files\Eclipse Adoptium\jdk-17.0.7.7-hotspot\bin\VCRUNTIME140.dll
0x00007ff9f12b0000 - 0x00007ff9f1451000 	C:\WINDOWS\System32\USER32.dll
0x00007ff9ef720000 - 0x00007ff9ef742000 	C:\WINDOWS\System32\win32u.dll
0x00007ff9db7d0000 - 0x00007ff9dba6a000 	C:\WINDOWS\WinSxS\amd64_microsoft.windows.common-controls_6595b64144ccf1df_6.0.19041.1110_none_60b5254171f9507e\COMCTL32.dll
0x00007ff9efa70000 - 0x00007ff9efa9b000 	C:\WINDOWS\System32\GDI32.dll
0x00007ff9f0ac0000 - 0x00007ff9f0b5e000 	C:\WINDOWS\System32\msvcrt.dll
0x00007ff9ef860000 - 0x00007ff9ef96f000 	C:\WINDOWS\System32\gdi32full.dll
0x00007ff9ef680000 - 0x00007ff9ef71d000 	C:\WINDOWS\System32\msvcp_win.dll
0x00007ff9efe00000 - 0x00007ff9efe32000 	C:\WINDOWS\System32\IMM32.DLL
0x00007ff9e6d10000 - 0x00007ff9e6d1c000 	D:\Program Files\Eclipse Adoptium\jdk-17.0.7.7-hotspot\bin\vcruntime140_1.dll
0x00007ff9b4bf0000 - 0x00007ff9b4c81000 	D:\Program Files\Eclipse Adoptium\jdk-17.0.7.7-hotspot\bin\msvcp140.dll
0x00007ff990fd0000 - 0x00007ff991c18000 	D:\Program Files\Eclipse Adoptium\jdk-17.0.7.7-hotspot\bin\server\jvm.dll
0x00007ff9f0920000 - 0x00007ff9f09ce000 	C:\WINDOWS\System32\ADVAPI32.dll
0x00007ff9f0cc0000 - 0x00007ff9f0d5c000 	C:\WINDOWS\System32\sechost.dll
0x00007ff9f0590000 - 0x00007ff9f06b5000 	C:\WINDOWS\System32\RPCRT4.dll
0x00007ff9d7ec0000 - 0x00007ff9d7ec9000 	C:\WINDOWS\SYSTEM32\WSOCK32.dll
0x00007ff9f0bc0000 - 0x00007ff9f0c2b000 	C:\WINDOWS\System32\WS2_32.dll
0x00007ff9dba80000 - 0x00007ff9dbaa7000 	C:\WINDOWS\SYSTEM32\WINMM.dll
0x00007ff9e6120000 - 0x00007ff9e612a000 	C:\WINDOWS\SYSTEM32\VERSION.dll
0x00007ff9ed970000 - 0x00007ff9ed982000 	C:\WINDOWS\SYSTEM32\kernel.appcore.dll
0x00007ff9da6c0000 - 0x00007ff9da6ca000 	D:\Program Files\Eclipse Adoptium\jdk-17.0.7.7-hotspot\bin\jimage.dll
0x00007ff9ece90000 - 0x00007ff9ed074000 	C:\WINDOWS\SYSTEM32\DBGHELP.DLL
0x00007ff9d8210000 - 0x00007ff9d8245000 	C:\WINDOWS\SYSTEM32\dbgcore.DLL
0x00007ff9ef7d0000 - 0x00007ff9ef852000 	C:\WINDOWS\System32\bcryptPrimitives.dll
0x00007ff9da400000 - 0x00007ff9da425000 	D:\Program Files\Eclipse Adoptium\jdk-17.0.7.7-hotspot\bin\java.dll

dbghelp: loaded successfully - version: 4.0.5 - missing functions: none
symbol engine: initialized successfully - sym options: 0x614 - pdb path: .;D:\Program Files\Eclipse Adoptium\jdk-17.0.7.7-hotspot\bin;C:\WINDOWS\SYSTEM32;C:\WINDOWS\WinSxS\amd64_microsoft.windows.common-controls_6595b64144ccf1df_6.0.19041.1110_none_60b5254171f9507e;D:\Program Files\Eclipse Adoptium\jdk-17.0.7.7-hotspot\bin\server

VM Arguments:
jvm_args: -XX:+ShowCodeDetailsInExceptionMessages 
java_command: Main
java_class_path (initial): C:\Users\val\AppData\Roaming\Code\User\workspaceStorage\07b55cd9ac4a6cfa84b653e75b354df3\redhat.java\jdt_ws\OOP-homeWork_c9b9edae\bin
Launcher Type: SUN_STANDARD

[Global flags]
     intx CICompilerCount                          = 3                                         {product} {ergonomic}
     uint ConcGCThreads                            = 1                                         {product} {ergonomic}
     uint G1ConcRefinementThreads                  = 4                                         {product} {ergonomic}
   size_t G1HeapRegionSize                         = 1048576                                   {product} {ergonomic}
    uintx GCDrainStackTargetSize                   = 64                                        {product} {ergonomic}
   size_t InitialHeapSize                          = 134217728                                 {product} {ergonomic}
   size_t MarkStackSize                            = 4194304                                   {product} {ergonomic}
   size_t MaxHeapSize                              = 2126512128                                {product} {ergonomic}
   size_t MinHeapDeltaBytes                        = 1048576                                   {product} {ergonomic}
   size_t MinHeapSize                              = 8388608                                   {product} {ergonomic}
    uintx NonNMethodCodeHeapSize                   = 5832780                                {pd product} {ergonomic}
    uintx NonProfiledCodeHeapSize                  = 122912730                              {pd product} {ergonomic}
    uintx ProfiledCodeHeapSize                     = 122912730                              {pd product} {ergonomic}
    uintx ReservedCodeCacheSize                    = 251658240                              {pd product} {ergonomic}
     bool SegmentedCodeCache                       = true                                      {product} {ergonomic}
     bool ShowCodeDetailsInExceptionMessages       = true                                   {manageable} {command line}
   size_t SoftMaxHeapSize                          = 2126512128                             {manageable} {ergonomic}
     bool UseCompressedClassPointers               = true                           {product lp64_product} {ergonomic}
     bool UseCompressedOops                        = true                           {product lp64_product} {ergonomic}
     bool UseG1GC                                  = true                                      {product} {ergonomic}
     bool UseLargePagesIndividualAllocation        = false                                  {pd product} {ergonomic}

Logging:
Log output configuration:
 #0: stdout all=warning uptime,level,tags
 #1: stderr all=off uptime,level,tags

Environment Variables:
PATH=D:\Program Files\Eclipse Adoptium\jdk-17.0.7.7-hotspot\bin;D:\Program Files\STMicroelectronics\STVP\asm;C:\Program Files (x86)\Common Files\Oracle\Java\javapath;C:\PROGRA~2\Borland\CBUILD~1\Projects\Bpl;C:\PROGRA~2\Borland\CBUILD~1\Bin;C:\Program Files (x86)\Intel\iCLS Client\;C:\Program Files\Intel\iCLS Client\;C:\windows\system32;C:\windows;C:\windows\System32\Wbem;C:\windows\System32\WindowsPowerShell\v1.0\;C:\Program Files (x86)\Intel\Intel(R) Management Engine Components\DAL;C:\Program Files\Intel\Intel(R) Management Engine Components\DAL;C:\Program Files (x86)\Intel\Intel(R) Management Engine Components\IPT;C:\Program Files\Intel\Intel(R) Management Engine Components\IPT;C:\Program Files (x86)\NVIDIA Corporation\PhysX\Common;C:\Program Files (x86)\Microsoft SQL Server\90\Tools\binn\;C:\Program Files\OpenVPN\bin;C:\WINDOWS\system32;C:\WINDOWS;C:\WINDOWS\System32\Wbem;C:\WINDOWS\System32\WindowsPowerShell\v1.0\;C:\WINDOWS\System32\OpenSSH\;C:\Program Files\TortoiseGit\bin;C:\Program Files\TortoiseSVN\bin;C:\Program Files (x86)\STMicroelectronics\STM32 ST-LINK Utility\ST-LINK Utility;C:\Users\val\AppData\Local\Programs\Python\Python38-32\python.exe;d:\Programs\mingv\bin\;d:\Programs\qt_sm32\5.4 2016q3\bin\;C:\Program Files\dotnet\;D:\Program Files\MATLAB\R2017a\runtime\win64;D:\Program Files\MATLAB\R2017a\bin;C:\Program Files\Git\cmd;D:\Program Files\MATLAB\R2014b\runtime\win64;D:\Program Files\MATLAB\R2014b\bin;D:\Program Files\MATLAB\R2014b\polyspace\bin;C:\Program Files (x86)\Atmel\sam-ba_2.18\drv\;C:\Program Files (x86)\Atmel\sam-ba_2.18;C:\Users\val\AppData\Local\Microsoft\WindowsApps;d:\Programs\qt_sm32\5.4 2016q3\bin\;C:\Users\val\.dotnet\tools;D:\Program Files\Microsoft VS Code\Microsoft VS Code\bin;D:\Program Files\JetBrains\IntelliJ IDEA Community Edition 2023.1\bin;
USERNAME=val
LANG=ru_RU.UTF-8
OS=Windows_NT
PROCESSOR_IDENTIFIER=Intel64 Family 6 Model 142 Stepping 9, GenuineIntel
TMP=C:\Users\val\AppData\Local\Temp
TEMP=C:\Users\val\AppData\Local\Temp



---------------  S Y S T E M  ---------------

OS:
 Windows 10 , 64 bit Build 19041 (10.0.19041.2364)
OS uptime: 6 days 4:42 hours

CPU: total 4 (initial active 4) (2 cores per cpu, 2 threads per core) family 6 model 142 stepping 9 microcode 0xb4, cx8, cmov, fxsr, ht, mmx, 3dnowpref, sse, sse2, sse3, ssse3, sse4.1, sse4.2, popcnt, lzcnt, tsc, tscinvbit, avx, avx2, aes, erms, clmul, bmi1, bmi2, adx, fma, vzeroupper, clflush, clflushopt

Memory: 4k page, system-wide physical 8107M (1297M free)
TotalPageFile size 19232M (AvailPageFile size 50M)
current process WorkingSet (physical memory assigned to process): 10M, peak: 10M
current process commit charge ("private bytes"): 51M, peak: 179M

vm_info: OpenJDK 64-Bit Server VM (17.0.7+7) for windows-amd64 JRE (17.0.7+7), built on Apr 18 2023 22:10:42 by "temurin" with MS VC++ 16.7 (VS2019)

END.
